<?xml version="1.0" encoding="UTF-8"?>
<!-- Generated by org.testng.reporters.JUnitXMLReporter -->
<testsuite hostname="DESKTOP-5N90F58" ignored="0" name="GenrePageTest" tests="7" failures="0" timestamp="2020-12-07T10:12:13 IST" time="127.537" errors="0">
  <testcase name="tc01_DifferentGenresPageValidation" time="29.835" classname="steamTests.GenrePagesTest"/>
  <testcase name="tc02_validatesCurrectTagForEachGameShallowSearch" time="2.074" classname="steamTests.GenrePagesTest"/>
  <testcase name="tc03_validatesCurrectTagForEachGameDeepSearch_Action" time="14.436" classname="steamTests.GenrePagesTest"/>
  <testcase name="tc04_validatesCurrectTagForEachGameDeepSearch_RPG" time="13.586" classname="steamTests.GenrePagesTest"/>
  <testcase name="tc05_validatesFreeToPlayPriceAppearanceForEachFreeGameOnFront" time="2.166" classname="steamTests.GenrePagesTest"/>
  <testcase name="tc06_validatesFreeToPlayAppearanceForAllGames" time="16.22" classname="steamTests.GenrePagesTest"/>
  <testcase name="tc_07_AllGamesAreFreeFailure" time="34.449" classname="steamTests.GenrePagesTest"/>
</testsuite> <!-- GenrePageTest -->
