<?xml version="1.0" encoding="UTF-8"?>
<!-- Generated by org.testng.reporters.JUnitXMLReporter -->
<testsuite hostname="DESKTOP-5N90F58" ignored="0" name="LoginTest" tests="5" failures="0" timestamp="2020-12-07T10:11:04 IST" time="58.338" errors="0">
  <testcase name="tc01_LoginFailed" time="20.542" classname="steamTests.LoginTest"/>
  <testcase name="tc02_LoginFailed" time="20.422" classname="steamTests.LoginTest"/>
  <testcase name="tc03_LoginFailed" time="1.195" classname="steamTests.LoginTest"/>
  <testcase name="tc04_LoginFailed" time="0.715" classname="steamTests.LoginTest"/>
  <testcase name="tc05_IsInLoginPage" time="0.022" classname="steamTests.LoginTest"/>
</testsuite> <!-- LoginTest -->
