<?xml version="1.0" encoding="UTF-8"?>
<!-- Generated by org.testng.reporters.JUnitXMLReporter -->
<testsuite hostname="DESKTOP-5N90F58" ignored="0" name="SupportTest" tests="3" failures="0" timestamp="2020-12-07T10:10:46 IST" time="40.795" errors="0">
  <testcase name="tc01_ValidateErrorMessage" time="5.449" classname="steamTests.SupportTest"/>
  <testcase name="tc02_IsInFindAccountPage" time="21.699" classname="steamTests.SupportTest"/>
  <testcase name="tc03_ForgotAccountFailed" time="2.328" classname="steamTests.SupportTest"/>
</testsuite> <!-- SupportTest -->
